<?xml version="1.0" encoding="UTF-8"?>
<!-- Generated by org.testng.reporters.JUnitReportReporter -->
<testsuite hostname="LAPTOP-GN27UDGO" failures="0" tests="2" name="com.mycompany.app.my_selenium_app.NewTest" time="10.455" errors="0" timestamp="2022-08-09T13:39:21 IST" skipped="0">
  <testcase classname="com.mycompany.app.my_selenium_app.NewTest" name="f" time="0.005"/>
  <system-out/>
  <testcase classname="com.mycompany.app.my_selenium_app.NewTest" name="launchrome" time="10.450"/>
  <system-out/>
</testsuite> <!-- com.mycompany.app.my_selenium_app.NewTest -->
