<?xml version="1.0" encoding="UTF-8"?>
<!-- Generated by org.testng.reporters.JUnitReportReporter -->
<testsuite hostname="LAPTOP-GN27UDGO" failures="0" tests="2" name="com.mycompany.app.my_selenium_app.NewTest" time="8.043" errors="0" timestamp="2022-08-09T13:34:48 IST" skipped="0">
  <testcase classname="com.mycompany.app.my_selenium_app.NewTest" name="launchrome" time="8.032"/>
  <system-out/>
  <testcase classname="com.mycompany.app.my_selenium_app.NewTest" name="f" time="0.011"/>
  <system-out/>
</testsuite> <!-- com.mycompany.app.my_selenium_app.NewTest -->
