<?xml version="1.0" encoding="UTF-8"?>
<!-- Generated by org.testng.reporters.JUnitReportReporter -->
<testsuite hostname="LAPTOP-GN27UDGO" failures="0" tests="1" name="com.mycompany.app.my_selenium_app.AppTest" time="0.007" errors="0" timestamp="2022-08-09T13:39:22 IST" skipped="0">
  <testcase classname="com.mycompany.app.my_selenium_app.AppTest" name="shouldAnswerWithTrue" time="0.007"/>
  <system-out/>
</testsuite> <!-- com.mycompany.app.my_selenium_app.AppTest -->
